<?xml version="1.0" encoding="UTF-8"?>
<!-- Generated by org.testng.reporters.JUnitXMLReporter -->
<testsuite hostname="Harish" ignored="0" name="Default test" tests="1" failures="0" timestamp="27 Oct 2021 06:15:16 GMT" time="16.616" errors="0">
  <testcase name="@AfterClass afterClass" time="0.002" classname="TTTest.TestTTLoginPage">
    <failure type="java.lang.NullPointerException">
      <![CDATA[java.lang.NullPointerException
at TTTest.TestTTLoginPage.afterClass(TestTTLoginPage.java:49)
... Removed 26 stack frames]]>
    </failure>
  </testcase> <!-- @AfterClass afterClass -->
  <testcase name="TTLTest" time="6.286" classname="TTTest.TestTTLoginPage"/>
</testsuite> <!-- Default test -->
