<?xml version="1.0" encoding="UTF-8"?>
<!-- Generated by org.testng.reporters.JUnitXMLReporter -->
<testsuite hostname="Harish" ignored="0" name="Default test" tests="1" failures="0" timestamp="15 Nov 2021 19:40:08 GMT" time="17.336" errors="0">
  <testcase name="@AfterClass afterClass" time="0.0" classname="TTTest.TestTTLoginPage">
    <failure type="java.lang.NullPointerException">
      <![CDATA[java.lang.NullPointerException
at TTTest.TestTTLoginPage.afterClass(TestTTLoginPage.java:50)
... Removed 26 stack frames]]>
    </failure>
  </testcase> <!-- @AfterClass afterClass -->
  <testcase name="TTLTest" time="7.218" classname="TTTest.TestTTLoginPage"/>
</testsuite> <!-- Default test -->
