<?xml version="1.0" encoding="UTF-8"?>
<!-- Generated by org.testng.reporters.JUnitXMLReporter -->
<testsuite hostname="Harish" ignored="0" name="Command line test" tests="1" failures="0" timestamp="2021-11-16T00:53:11 IST" time="24.207" errors="0">
  <testcase name="@AfterClass afterClass" time="0.001" classname="TTTest.TestTTLoginPage">
    <failure type="java.lang.NullPointerException">
      <![CDATA[java.lang.NullPointerException
at TTTest.TestTTLoginPage.afterClass(TestTTLoginPage.java:50)
at java.util.ArrayList.forEach(Unknown Source)
... Removed 35 stack frames]]>
    </failure>
  </testcase> <!-- @AfterClass afterClass -->
  <testcase name="TTLTest" time="14.737" classname="TTTest.TestTTLoginPage"/>
</testsuite> <!-- Command line test -->
