<?xml version="1.0" encoding="UTF-8"?>
<testsuite xmlns:xsi="http://www.w3.org/2001/XMLSchema-instance" xsi:noNamespaceSchemaLocation="https://maven.apache.org/surefire/maven-surefire-plugin/xsd/surefire-test-report-3.0.xsd" version="3.0" name="TestSuite" time="18.77" tests="2" errors="0" skipped="0" failures="1">
  <properties>
[...]
</properties>
  <testcase name="TTLTest" classname="TTTest.TestTTLoginPage" time="7.771">
    <system-out><![CDATA[setup method executed
started
click completed and  login successful
started_3 test 
]]></system-out>
    <system-err><![CDATA[Starting ChromeDriver 2.40.565498 (ea082db3280dd6843ebfb08a625e3eb905c4f5ab) on port 25976
Only local connections are allowed.
Nov 16, 2021 1:07:36 AM org.openqa.selenium.remote.ProtocolHandshake createSession
INFO: Detected dialect: OSS
]]></system-err>
  </testcase>
  <testcase name="afterClass" classname="TTTest.TestTTLoginPage" time="7.774">
    <failure type="java.lang.NullPointerException"><![CDATA[java.lang.NullPointerException
	at TTTest.TestTTLoginPage.afterClass(TestTTLoginPage.java:50)
]]></failure>
  </testcase>
</testsuite>