-------------------------------------------------------------------------------
Test set: TestSuite
-------------------------------------------------------------------------------
Tests run: 2, Failures: 1, Errors: 0, Skipped: 0, Time elapsed: 18.77 s <<< FAILURE! - in TestSuite
TTTest.TestTTLoginPage.afterClass  Time elapsed: 7.774 s  <<< FAILURE!
java.lang.NullPointerException
	at TTTest.TestTTLoginPage.afterClass(TestTTLoginPage.java:50)

